<?xml version="1.0" encoding="UTF-8"?>
<!-- Generated by org.testng.reporters.JUnitReportReporter -->
<testsuite hostname="COMPL-034" failures="0" tests="1" name="pack1.NewTest2" time="0.006" errors="0" timestamp="2023-07-28T09:35:11 IST" skipped="0">
  <testcase classname="pack1.NewTest2" name="f" time="0.006"/>
  <system-out/>
</testsuite> <!-- pack1.NewTest2 -->
