<?xml version="1.0" encoding="UTF-8"?>
<!-- Generated by org.testng.reporters.JUnitReportReporter -->
<testsuite hostname="COMPL-034" failures="0" tests="1" name="pack1.NewTest" time="9.091" errors="0" timestamp="2023-08-02T16:04:07 IST" skipped="0">
  <testcase classname="pack1.NewTest" name="a" time="9.091"/>
  <system-out/>
</testsuite> <!-- pack1.NewTest -->
