<?xml version="1.0" encoding="UTF-8"?>
<!-- Generated by org.testng.reporters.JUnitReportReporter -->
<testsuite hostname="COMPL-034" failures="0" tests="2" name="pack1.NewTest" time="14.048" errors="0" timestamp="2023-08-02T15:18:18 IST" skipped="0">
  <testcase classname="pack1.NewTest" name="b" time="3.196"/>
  <system-out/>
  <testcase classname="pack1.NewTest" name="a" time="10.852"/>
  <system-out/>
</testsuite> <!-- pack1.NewTest -->
